#
# There is insufficient memory for the Java Runtime Environment to continue.
# Native memory allocation (mmap) failed to map 268435456 bytes for G1 virtual space
# Possible reasons:
#   The system is out of physical RAM or swap space
#   The process is running with CompressedOops enabled, and the Java Heap may be blocking the growth of the native heap
# Possible solutions:
#   Reduce memory load on the system
#   Increase physical memory or swap space
#   Check if swap backing store is full
#   Decrease Java heap size (-Xmx/-Xms)
#   Decrease number of Java threads
#   Decrease Java thread stack sizes (-Xss)
#   Set larger code cache with -XX:ReservedCodeCacheSize=
#   JVM is running with Zero Based Compressed Oops mode in which the Java heap is
#     placed in the first 32GB address space. The Java Heap base address is the
#     maximum limit for the native heap growth. Please use -XX:HeapBaseMinAddress
#     to set the Java Heap base and to place the Java Heap above 32GB virtual address.
# This output file may be truncated or incomplete.
#
#  Out of Memory Error (os_windows.cpp:3825), pid=15336, tid=3736
#
# JRE version:  (17.0.10+1) (build )
# Java VM: OpenJDK 64-Bit Server VM (17.0.10+1-b1087.17, mixed mode, sharing, tiered, compressed oops, compressed class ptrs, g1 gc, windows-amd64)
# No core dump will be written. Minidumps are not enabled by default on client versions of Windows
#

---------------  S U M M A R Y ------------

Command Line: git4idea.http.GitAskPassApp Username for 'https://github.com': 

Host: AMD Ryzen 5 2600 Six-Core Processor            , 12 cores, 15G,  Windows 10 , 64 bit Build 19041 (10.0.19041.4717)
Time: Tue Sep  3 23:29:48 2024 RTZ 2 (s 10 , 64 bit Build 19041 (10.0.19041.4717) elapsed time: 0.009539 seconds (0d 0h 0m 0s)

---------------  T H R E A D  ---------------

Current thread (0x000001b9e6c8f430):  JavaThread "Unknown thread" [_thread_in_vm, id=3736, stack(0x0000005a5d100000,0x0000005a5d200000)]

Stack: [0x0000005a5d100000,0x0000005a5d200000]
Native frames: (J=compiled Java code, j=interpreted, Vv=VM code, C=native code)
V  [jvm.dll+0x688ac9]
V  [jvm.dll+0x84220a]
V  [jvm.dll+0x843e4e]
V  [jvm.dll+0x8444b3]
V  [jvm.dll+0x24ba8f]
V  [jvm.dll+0x685899]
V  [jvm.dll+0x67a14a]
V  [jvm.dll+0x30c7eb]
V  [jvm.dll+0x313c96]
V  [jvm.dll+0x363a2e]
V  [jvm.dll+0x363c5f]
V  [jvm.dll+0x2e25b8]
V  [jvm.dll+0x2e3524]
V  [jvm.dll+0x812d71]
V  [jvm.dll+0x3718e1]
V  [jvm.dll+0x7f18d6]
V  [jvm.dll+0x3f553f]
V  [jvm.dll+0x3f7171]
C  [jli.dll+0x528f]
C  [ucrtbase.dll+0x21bb2]
C  [KERNEL32.DLL+0x17374]
C  [ntdll.dll+0x4cc91]


---------------  P R O C E S S  ---------------

Threads class SMR info:
_java_thread_list=0x00007ff97221ef58, length=0, elements={
}

Java Threads: ( => current thread )

Other Threads:
  0x000001b9e6cfbcc0 GCTaskThread "GC Thread#0" [stack: 0x0000005a5d200000,0x0000005a5d300000] [id=4412]
  0x000001b9e6d0da40 ConcurrentGCThread "G1 Main Marker" [stack: 0x0000005a5d300000,0x0000005a5d400000] [id=11748]
  0x000001b9e6d0eb10 ConcurrentGCThread "G1 Conc#0" [stack: 0x0000005a5d400000,0x0000005a5d500000] [id=22760]

[error occurred during error reporting (printing all threads), id 0xc0000005, EXCEPTION_ACCESS_VIOLATION (0xc0000005) at pc=0x00007ff9719d3187]

VM state: not at safepoint (not fully initialized)

VM Mutex/Monitor currently owned by a thread:  ([mutex/lock_event])
[0x000001b9e6c89410] Heap_lock - owner thread: 0x000001b9e6c8f430

Heap address: 0x0000000700e00000, size: 4082 MB, Compressed Oops mode: Zero based, Oop shift amount: 3

CDS archive(s) mapped at: [0x0000000000000000-0x0000000000000000-0x0000000000000000), size 0, SharedBaseAddress: 0x0000000800000000, ArchiveRelocationMode: 1.
Narrow klass base: 0x0000000000000000, Narrow klass shift: 0, Narrow klass range: 0x0

GC Precious Log:
<Empty>

Heap:
 garbage-first heap   total 0K, used 0K [0x0000000700e00000, 0x0000000800000000)
  region size 2048K, 0 young (0K), 0 survivors (0K)
 Metaspace       used 0K, committed 0K, reserved 0K
  class space    used 0K, committed 0K, reserved 0K

Heap Regions: E=young(eden), S=young(survivor), O=old, HS=humongous(starts), HC=humongous(continues), CS=collection set, F=free, OA=open archive, CA=closed archive, TAMS=top-at-mark-start (previous, next)

Card table byte_map: [0x000001b9fa160000,0x000001b9fa960000] _byte_map_base: 0x000001b9f6959000

Marking Bits (Prev, Next): (CMBitMap*) 0x000001b9e6cfc1f0, (CMBitMap*) 0x000001b9e6cfc230
 Prev Bits: [0x000001b9fb160000, 0x000001b9ff128000)
 Next Bits: [0x000001b980000000, 0x000001b983fc8000)

GC Heap History (0 events):
No events

Dll operation events (1 events):
Event: 0.004 Loaded shared library C:\Users\dmitr\PhpStorm 2023.3.4\jbr\bin\java.dll

Deoptimization events (0 events):
No events

Classes unloaded (0 events):
No events

Classes redefined (0 events):
No events

Internal exceptions (0 events):
No events

VM Operations (0 events):
No events

Events (0 events):
No events


Dynamic libraries:
0x00007ff793e60000 - 0x00007ff793e6a000 	C:\Users\dmitr\PhpStorm 2023.3.4\jbr\bin\java.exe
0x00007ff9f5bf0000 - 0x00007ff9f5de8000 	C:\Windows\SYSTEM32\ntdll.dll
0x00007ff9f3db0000 - 0x00007ff9f3e71000 	C:\Windows\System32\KERNEL32.DLL
0x00007ff9f3920000 - 0x00007ff9f3c1d000 	C:\Windows\System32\KERNELBASE.dll
0x00007ff9f3310000 - 0x00007ff9f3410000 	C:\Windows\System32\ucrtbase.dll
0x00007ff9ecaf0000 - 0x00007ff9ecb07000 	C:\Users\dmitr\PhpStorm 2023.3.4\jbr\bin\jli.dll
0x00007ff9ec1a0000 - 0x00007ff9ec1bb000 	C:\Users\dmitr\PhpStorm 2023.3.4\jbr\bin\VCRUNTIME140.dll
0x00007ff9f4220000 - 0x00007ff9f43bd000 	C:\Windows\System32\USER32.dll
0x00007ff9f35f0000 - 0x00007ff9f3612000 	C:\Windows\System32\win32u.dll
0x00007ff9e69b0000 - 0x00007ff9e6c4a000 	C:\Windows\WinSxS\amd64_microsoft.windows.common-controls_6595b64144ccf1df_6.0.19041.4355_none_60b8b9eb71f62e16\COMCTL32.dll
0x00007ff9f54f0000 - 0x00007ff9f551b000 	C:\Windows\System32\GDI32.dll
0x00007ff9f4c60000 - 0x00007ff9f4cfe000 	C:\Windows\System32\msvcrt.dll
0x00007ff9f3750000 - 0x00007ff9f3867000 	C:\Windows\System32\gdi32full.dll
0x00007ff9f3620000 - 0x00007ff9f36bd000 	C:\Windows\System32\msvcp_win.dll
0x00007ff9f41e0000 - 0x00007ff9f420f000 	C:\Windows\System32\IMM32.DLL
0x00007ff9ef9d0000 - 0x00007ff9ef9dc000 	C:\Users\dmitr\PhpStorm 2023.3.4\jbr\bin\vcruntime140_1.dll
0x00007ff9c0530000 - 0x00007ff9c05bd000 	C:\Users\dmitr\PhpStorm 2023.3.4\jbr\bin\msvcp140.dll
0x00007ff9716e0000 - 0x00007ff972363000 	C:\Users\dmitr\PhpStorm 2023.3.4\jbr\bin\server\jvm.dll
0x00007ff9f51b0000 - 0x00007ff9f5260000 	C:\Windows\System32\ADVAPI32.dll
0x00007ff9f4450000 - 0x00007ff9f44f0000 	C:\Windows\System32\sechost.dll
0x00007ff9f4e50000 - 0x00007ff9f4f73000 	C:\Windows\System32\RPCRT4.dll
0x00007ff9f35c0000 - 0x00007ff9f35e7000 	C:\Windows\System32\bcrypt.dll
0x00007ff9f2820000 - 0x00007ff9f286b000 	C:\Windows\SYSTEM32\POWRPROF.dll
0x00007ff9e9b60000 - 0x00007ff9e9b87000 	C:\Windows\SYSTEM32\WINMM.dll
0x00007ff9e0540000 - 0x00007ff9e0549000 	C:\Windows\SYSTEM32\WSOCK32.dll
0x00007ff9f4f80000 - 0x00007ff9f4feb000 	C:\Windows\System32\WS2_32.dll
0x00007ff9ead60000 - 0x00007ff9ead6a000 	C:\Windows\SYSTEM32\VERSION.dll
0x00007ff9f2690000 - 0x00007ff9f26a2000 	C:\Windows\SYSTEM32\UMPDC.dll
0x00007ff9f1140000 - 0x00007ff9f1152000 	C:\Windows\SYSTEM32\kernel.appcore.dll
0x00007ff9efa30000 - 0x00007ff9efa3a000 	C:\Users\dmitr\PhpStorm 2023.3.4\jbr\bin\jimage.dll
0x00007ff9df000000 - 0x00007ff9df1e4000 	C:\Windows\SYSTEM32\DBGHELP.DLL
0x00007ff9d3050000 - 0x00007ff9d3084000 	C:\Windows\SYSTEM32\dbgcore.DLL
0x00007ff9f36c0000 - 0x00007ff9f3742000 	C:\Windows\System32\bcryptPrimitives.dll
0x00007ff9ef6c0000 - 0x00007ff9ef6e5000 	C:\Users\dmitr\PhpStorm 2023.3.4\jbr\bin\java.dll

dbghelp: loaded successfully - version: 4.0.5 - missing functions: none
symbol engine: initialized successfully - sym options: 0x614 - pdb path: .;C:\Users\dmitr\PhpStorm 2023.3.4\jbr\bin;C:\Windows\SYSTEM32;C:\Windows\WinSxS\amd64_microsoft.windows.common-controls_6595b64144ccf1df_6.0.19041.4355_none_60b8b9eb71f62e16;C:\Users\dmitr\PhpStorm 2023.3.4\jbr\bin\server

VM Arguments:
java_command: git4idea.http.GitAskPassApp Username for 'https://github.com': 
java_class_path (initial): C:/Users/dmitr/PhpStorm 2023.3.4/plugins/vcs-git/lib/git4idea-rt.jar;C:/Users/dmitr/PhpStorm 2023.3.4/lib/externalProcess-rt.jar
Launcher Type: SUN_STANDARD

[Global flags]
     intx CICompilerCount                          = 4                                         {product} {ergonomic}
     uint ConcGCThreads                            = 3                                         {product} {ergonomic}
     uint G1ConcRefinementThreads                  = 10                                        {product} {ergonomic}
   size_t G1HeapRegionSize                         = 2097152                                   {product} {ergonomic}
    uintx GCDrainStackTargetSize                   = 64                                        {product} {ergonomic}
   size_t InitialHeapSize                          = 268435456                                 {product} {ergonomic}
   size_t MarkStackSize                            = 4194304                                   {product} {ergonomic}
   size_t MaxHeapSize                              = 4280287232                                {product} {ergonomic}
   size_t MinHeapDeltaBytes                        = 2097152                                   {product} {ergonomic}
   size_t MinHeapSize                              = 8388608                                   {product} {ergonomic}
    uintx NonNMethodCodeHeapSize                   = 5839372                                {pd product} {ergonomic}
    uintx NonProfiledCodeHeapSize                  = 122909434                              {pd product} {ergonomic}
    uintx ProfiledCodeHeapSize                     = 122909434                              {pd product} {ergonomic}
    uintx ReservedCodeCacheSize                    = 251658240                              {pd product} {ergonomic}
     bool SegmentedCodeCache                       = true                                      {product} {ergonomic}
   size_t SoftMaxHeapSize                          = 4280287232                             {manageable} {ergonomic}
     bool UseCompressedClassPointers               = true                           {product lp64_product} {ergonomic}
     bool UseCompressedOops                        = true                           {product lp64_product} {ergonomic}
     bool UseG1GC                                  = true                                      {product} {ergonomic}
     bool UseLargePagesIndividualAllocation        = false                                  {pd product} {ergonomic}

Logging:
Log output configuration:
 #0: stdout all=warning uptime,level,tags
 #1: stderr all=off uptime,level,tags

Environment Variables:
PATH=C:\Program Files\Git\mingw64\libexec\git-core;C:\Program Files\Git\mingw64\libexec\git-core;C:\Program Files\Git\mingw64\bin;C:\Program Files\Git\usr\bin;C:\Users\dmitr\bin;C:\ProgramData\Oracle\Java\javapath;C:\Windows\system32;C:\Windows;C:\Windows\System32\Wbem;C:\Windows\System32\WindowsPowerShell\v1.0;C:\Windows\System32\OpenSSH;C:\Program Files\NVIDIA Corporation\NVIDIA NvDLISR;C:\Program Files (x86)\NVIDIA Corporation\PhysX\Common;C:\Program Files (x86)\Windows Kits\10\Windows Performance Toolkit;C:\Program Files\Git\cmd;C:\sqlite;A:\web;A:\php;C:\Program Files\Microsoft SQL Server\150\Tools\Binn;C:\Program Files\Microsoft SQL Server\Client SDK\ODBC\170\Tools\Binn;C:\Program Files\dotnet;C:\ProgramData\ComposerSetup\bin;C:\Program Files\nodejs;C:\Users\dmitr\AppData\Local\Microsoft\WindowsApps;C:\Program Files\JetBrains\PyCharm Community Edition 2023.1.2\bin;C:\Users\dmitr\AppData\Local\Programs\Microsoft VS Code\bin;C:\MinGW\bin;C:\sqlite;C:\Users\dmitr\AppData\Local\GitHubDesktop\bin;C:\Users\dmitr\.dotnet\tools;C:\Users\dmitr\AppData\Roaming\Composer\vendor\bin;C:\Users\dmitr\AppData\Local\Microsoft\WinGet\Packages\Schniz.fnm_Microsoft.Winget.Source_8wekyb3d8bbwe;C:\Users\dmitr\AppData\Roaming\npm
USERNAME=dmitr
DISPLAY=:0.0
LC_ALL=en_US.UTF-8
TERM=xterm-256color
TMPDIR=C:\Users\dmitr\AppData\Local\Temp
OS=Windows_NT
PROCESSOR_IDENTIFIER=AMD64 Family 23 Model 8 Stepping 2, AuthenticAMD
TMP=C:\Users\dmitr\AppData\Local\Temp
TEMP=C:\Users\dmitr\AppData\Local\Temp



Periodic native trim disabled

JNI global refs:
JNI global refs: 0, weak refs: 0

JNI global refs memory usage: 0, weak refs: 0

OOME stack traces (most recent first):
Classloader memory used:


---------------  S Y S T E M  ---------------

OS:
 Windows 10 , 64 bit Build 19041 (10.0.19041.4717)
OS uptime: 4 days 6:53 hours

CPU: total 12 (initial active 12) (12 cores per cpu, 2 threads per core) family 23 model 8 stepping 2 microcode 0x0, cx8, cmov, fxsr, ht, mmx, 3dnowpref, sse, sse2, sse3, ssse3, sse4a, sse4.1, sse4.2, popcnt, lzcnt, tsc, tscinvbit, avx, avx2, aes, clmul, bmi1, bmi2, adx, sha, fma, vzeroupper, clflush, clflushopt
Processor Information for all 12 processors :
  Max Mhz: 3850, Current Mhz: 3850, Mhz Limit: 3850

Memory: 4k page, system-wide physical 16322M (3968M free)
TotalPageFile size 44859M (AvailPageFile size 195M)
current process WorkingSet (physical memory assigned to process): 10M, peak: 10M
current process commit charge ("private bytes"): 64M, peak: 320M

vm_info: OpenJDK 64-Bit Server VM (17.0.10+1-b1087.17) for windows-amd64 JRE (17.0.10+1-b1087.17), built on 2024-01-19 by "builduser" with MS VC++ 16.10 / 16.11 (VS2019)

END.
